<?xml version="1.0" encoding="UTF-8"?>
<!-- Generated by org.testng.reporters.JUnitReportReporter -->
<testsuite hostname="DESKTOP-CAIAJMO" failures="0" tests="1" name="mvn_testScripts.UserModuleScripts" time="8.634" errors="0" timestamp="2023-06-03T08:29:34 IST" skipped="0">
  <testcase classname="mvn_testScripts.UserModuleScripts" name="logincall" time="8.634"/>
  <system-out/>
</testsuite> <!-- mvn_testScripts.UserModuleScripts -->
